<?xml version="1.0" encoding="UTF-8"?>
<!-- Generated by org.testng.reporters.JUnitReportReporter -->
<testsuite hostname="MacBook-Pro-de-Jose.local" failures="0" tests="1" name="exercise2.Exercise2" time="34.596" errors="0" timestamp="2022-03-18T13:21:33 CST" skipped="0">
  <testcase classname="exercise2.Exercise2" name="tabletest" time="34.596"/>
  <system-out/>
</testsuite> <!-- exercise2.Exercise2 -->
